<?xml version="1.0" encoding="UTF-8"?>
<!-- Generated by org.testng.reporters.JUnitReportReporter -->
<testsuite skipped="0" hostname="LAPTOP-6SEJLNKE" name="Practice.ReadFromXml" tests="1" failures="0" timestamp="07 Sep 2021 09:10:28 GMT" time="0.008" errors="0">
  <testcase name="readDataFromXml" time="0.008" classname="Practice.ReadFromXml"/>
</testsuite> <!-- Practice.ReadFromXml -->
